\BOOKMARK [1][-]{section.1}{Literature Review}{}% 1
\BOOKMARK [2][-]{subsection.1.1}{Entrepreneurship's Effect on Unemployment}{section.1}% 2
\BOOKMARK [2][-]{subsection.1.2}{Unemployment's Effect on Entrepreneurship}{section.1}% 3
\BOOKMARK [2][-]{subsection.1.3}{Defining and Measuring "Entrepreneurship"}{section.1}% 4
\BOOKMARK [1][-]{section.2}{Data}{}% 5
\BOOKMARK [1][-]{section.3}{Theory}{}% 6
\BOOKMARK [2][-]{subsection.3.1}{Unemployment's Effect on Self-Employment}{section.3}% 7
\BOOKMARK [2][-]{subsection.3.2}{Self-Employment's Effect on Unemployment}{section.3}% 8
\BOOKMARK [1][-]{section.4}{Empirical Strategy}{}% 9
\BOOKMARK [2][-]{subsection.4.1}{Model Type}{section.4}% 10
\BOOKMARK [2][-]{subsection.4.2}{Cointegration and Variable Transformation}{section.4}% 11
\BOOKMARK [2][-]{subsection.4.3}{Final Model}{section.4}% 12
\BOOKMARK [1][-]{section.5}{Results}{}% 13
\BOOKMARK [2][-]{subsection.5.1}{Impulse response: Unemployment on Self-Employment}{section.5}% 14
\BOOKMARK [2][-]{subsection.5.2}{Impulse Response: Self-Employment on Unemployment}{section.5}% 15
\BOOKMARK [2][-]{subsection.5.3}{Granger-causality}{section.5}% 16
\BOOKMARK [2][-]{subsection.5.4}{Summary of Results and Policy Implications}{section.5}% 17
\BOOKMARK [1][-]{section.6}{Model Selection: Lags and Granularity}{}% 18
\BOOKMARK [2][-]{subsection.6.1}{Overview}{section.6}% 19
\BOOKMARK [2][-]{subsection.6.2}{Discussion of IRF, Unemployment on Self-Employment \(See Figure 6\)}{section.6}% 20
\BOOKMARK [2][-]{subsection.6.3}{Discussion of IRF, Self-Employment on Unemployment, Short-Term Effect \(See Figure 7\)}{section.6}% 21
\BOOKMARK [2][-]{subsection.6.4}{Discussion of IRF, Self-Employment on Unemployment, Long-Term Effect \(See Figure 8\)}{section.6}% 22
\BOOKMARK [2][-]{subsection.6.5}{Discussion of Granger-Causation, Unemployment on Self-Employment \(See Figure 9\)}{section.6}% 23
\BOOKMARK [2][-]{subsection.6.6}{Discussion of Granger-Causation, Self-Employment on Unemployment \(See Figure 10\)}{section.6}% 24
\BOOKMARK [1][-]{section.7}{Discussion}{}% 25
\BOOKMARK [2][-]{subsection.7.1}{Unexpected Result in IRF of Self-Employment's Response to a Shock in Unemployment}{section.7}% 26
\BOOKMARK [2][-]{subsection.7.2}{Limitations and Future Research}{section.7}% 27
\BOOKMARK [1][-]{section.8}{Conclusion}{}% 28
